<?xml version="1.0" encoding="UTF-8"?>
<testsuite xmlns:xsi="http://www.w3.org/2001/XMLSchema-instance" xsi:noNamespaceSchemaLocation="https://maven.apache.org/surefire/maven-surefire-plugin/xsd/surefire-test-report.xsd" name="com.lee.xnxydev.service.TradeTest" time="0.033" tests="2" errors="0" skipped="0" failures="0">
  <properties>
[...]
</properties>
  <testcase name="listGoods" classname="com.lee.xnxydev.service.TradeTest" time="0"/>
  <testcase name="saveGoods" classname="com.lee.xnxydev.service.TradeTest" time="0.025"/>
</testsuite>